C:\Users\Enrique\Desktop\CursoAngular\Anuglar2Mvc\WebApplication5\WebApplication5\src\app\app.component.js
C:\Users\Enrique\Desktop\CursoAngular\Anuglar2Mvc\WebApplication5\WebApplication5\src\app\app.component.js.map
C:\Users\Enrique\Desktop\CursoAngular\Anuglar2Mvc\WebApplication5\WebApplication5\src\app\app.module.js
C:\Users\Enrique\Desktop\CursoAngular\Anuglar2Mvc\WebApplication5\WebApplication5\src\app\app.module.js.map
C:\Users\Enrique\Desktop\CursoAngular\Anuglar2Mvc\WebApplication5\WebApplication5\src\main.js
C:\Users\Enrique\Desktop\CursoAngular\Anuglar2Mvc\WebApplication5\WebApplication5\src\main.js.map
C:\Users\Enrique\Desktop\CursoAngular\Anuglar2Mvc\WebApplication5\WebApplication5\src\app\app.component.spec.js
C:\Users\Enrique\Desktop\CursoAngular\Anuglar2Mvc\WebApplication5\WebApplication5\src\app\app.component.spec.js.map
C:\Users\Enrique\Desktop\CursoAngular\Anuglar2Mvc\WebApplication5\WebApplication5\src\app\app.component.js
C:\Users\Enrique\Desktop\CursoAngular\Anuglar2Mvc\WebApplication5\WebApplication5\src\app\app.component.js.map
C:\Users\Enrique\Desktop\CursoAngular\Anuglar2Mvc\WebApplication5\WebApplication5\src\app\app.module.js
C:\Users\Enrique\Desktop\CursoAngular\Anuglar2Mvc\WebApplication5\WebApplication5\src\app\app.module.js.map
C:\Users\Enrique\Desktop\CursoAngular\Anuglar2Mvc\WebApplication5\WebApplication5\src\main.js
C:\Users\Enrique\Desktop\CursoAngular\Anuglar2Mvc\WebApplication5\WebApplication5\src\main.js.map
C:\Users\Enrique\Desktop\CursoAngular\Anuglar2Mvc\WebApplication5\WebApplication5\src\app\app.component.spec.js
C:\Users\Enrique\Desktop\CursoAngular\Anuglar2Mvc\WebApplication5\WebApplication5\src\app\app.component.spec.js.map
C:\Users\Enrique\Desktop\CursoAngular\Anuglar2Mvc\WebApplication5\WebApplication5\src\app\app.component.js
C:\Users\Enrique\Desktop\CursoAngular\Anuglar2Mvc\WebApplication5\WebApplication5\src\app\app.component.js.map
C:\Users\Enrique\Desktop\CursoAngular\Anuglar2Mvc\WebApplication5\WebApplication5\src\app\app.module.js
C:\Users\Enrique\Desktop\CursoAngular\Anuglar2Mvc\WebApplication5\WebApplication5\src\app\app.module.js.map
C:\Users\Enrique\Desktop\CursoAngular\Anuglar2Mvc\WebApplication5\WebApplication5\src\main.js
C:\Users\Enrique\Desktop\CursoAngular\Anuglar2Mvc\WebApplication5\WebApplication5\src\main.js.map
C:\Users\Enrique\Desktop\CursoAngular\Anuglar2Mvc\WebApplication5\WebApplication5\src\app\app.component.spec.js
C:\Users\Enrique\Desktop\CursoAngular\Anuglar2Mvc\WebApplication5\WebApplication5\src\app\app.component.spec.js.map
C:\Users\Enrique\Desktop\CursoAngular\Anuglar2Mvc\WebApplication5\WebApplication5\src\app\app.component.js
C:\Users\Enrique\Desktop\CursoAngular\Anuglar2Mvc\WebApplication5\WebApplication5\src\app\app.component.js.map
C:\Users\Enrique\Desktop\CursoAngular\Anuglar2Mvc\WebApplication5\WebApplication5\src\app\app.module.js
C:\Users\Enrique\Desktop\CursoAngular\Anuglar2Mvc\WebApplication5\WebApplication5\src\app\app.module.js.map
C:\Users\Enrique\Desktop\CursoAngular\Anuglar2Mvc\WebApplication5\WebApplication5\src\main.js
C:\Users\Enrique\Desktop\CursoAngular\Anuglar2Mvc\WebApplication5\WebApplication5\src\main.js.map
C:\Users\Enrique\Desktop\CursoAngular\Anuglar2Mvc\WebApplication5\WebApplication5\src\app\app.component.spec.js
C:\Users\Enrique\Desktop\CursoAngular\Anuglar2Mvc\WebApplication5\WebApplication5\src\app\app.component.spec.js.map
C:\Users\Enrique\Desktop\CursoAngular\Anuglar2Mvc\WebApplication5\WebApplication5\src\app\app.component.js
C:\Users\Enrique\Desktop\CursoAngular\Anuglar2Mvc\WebApplication5\WebApplication5\src\app\app.component.js.map
C:\Users\Enrique\Desktop\CursoAngular\Anuglar2Mvc\WebApplication5\WebApplication5\src\app\app.module.js
C:\Users\Enrique\Desktop\CursoAngular\Anuglar2Mvc\WebApplication5\WebApplication5\src\app\app.module.js.map
C:\Users\Enrique\Desktop\CursoAngular\Anuglar2Mvc\WebApplication5\WebApplication5\src\main.js
C:\Users\Enrique\Desktop\CursoAngular\Anuglar2Mvc\WebApplication5\WebApplication5\src\main.js.map
C:\Users\Enrique\Desktop\CursoAngular\Anuglar2Mvc\WebApplication5\WebApplication5\src\app\app.component.spec.js
C:\Users\Enrique\Desktop\CursoAngular\Anuglar2Mvc\WebApplication5\WebApplication5\src\app\app.component.spec.js.map
C:\Users\Enrique\Desktop\CursoAngular\Anuglar2Mvc\WebApplication5\WebApplication5\src\app\app.component.js
C:\Users\Enrique\Desktop\CursoAngular\Anuglar2Mvc\WebApplication5\WebApplication5\src\app\app.component.js.map
C:\Users\Enrique\Desktop\CursoAngular\Anuglar2Mvc\WebApplication5\WebApplication5\src\app\app.module.js
C:\Users\Enrique\Desktop\CursoAngular\Anuglar2Mvc\WebApplication5\WebApplication5\src\app\app.module.js.map
C:\Users\Enrique\Desktop\CursoAngular\Anuglar2Mvc\WebApplication5\WebApplication5\src\main.js
C:\Users\Enrique\Desktop\CursoAngular\Anuglar2Mvc\WebApplication5\WebApplication5\src\main.js.map
C:\Users\Enrique\Desktop\CursoAngular\Anuglar2Mvc\WebApplication5\WebApplication5\src\app\app.component.spec.js
C:\Users\Enrique\Desktop\CursoAngular\Anuglar2Mvc\WebApplication5\WebApplication5\src\app\app.component.spec.js.map
C:\Users\Enrique\Desktop\CursoAngular\Anuglar2Mvc\WebApplication5\WebApplication5\src\app\app.component.js
C:\Users\Enrique\Desktop\CursoAngular\Anuglar2Mvc\WebApplication5\WebApplication5\src\app\app.component.js.map
C:\Users\Enrique\Desktop\CursoAngular\Anuglar2Mvc\WebApplication5\WebApplication5\src\app\app.module.js
C:\Users\Enrique\Desktop\CursoAngular\Anuglar2Mvc\WebApplication5\WebApplication5\src\app\app.module.js.map
C:\Users\Enrique\Desktop\CursoAngular\Anuglar2Mvc\WebApplication5\WebApplication5\src\main.js
C:\Users\Enrique\Desktop\CursoAngular\Anuglar2Mvc\WebApplication5\WebApplication5\src\main.js.map
C:\Users\Enrique\Desktop\CursoAngular\Anuglar2Mvc\WebApplication5\WebApplication5\src\app\app.component.spec.js
C:\Users\Enrique\Desktop\CursoAngular\Anuglar2Mvc\WebApplication5\WebApplication5\src\app\app.component.spec.js.map
C:\Users\Enrique\Desktop\CursoAngular\Anuglar2Mvc\WebApplication5\WebApplication5\src\app\app.component.js
C:\Users\Enrique\Desktop\CursoAngular\Anuglar2Mvc\WebApplication5\WebApplication5\src\app\app.component.js.map
C:\Users\Enrique\Desktop\CursoAngular\Anuglar2Mvc\WebApplication5\WebApplication5\src\app\app.module.js
C:\Users\Enrique\Desktop\CursoAngular\Anuglar2Mvc\WebApplication5\WebApplication5\src\app\app.module.js.map
C:\Users\Enrique\Desktop\CursoAngular\Anuglar2Mvc\WebApplication5\WebApplication5\src\main.js
C:\Users\Enrique\Desktop\CursoAngular\Anuglar2Mvc\WebApplication5\WebApplication5\src\main.js.map
C:\Users\Enrique\Desktop\CursoAngular\Anuglar2Mvc\WebApplication5\WebApplication5\src\app\app.component.spec.js
C:\Users\Enrique\Desktop\CursoAngular\Anuglar2Mvc\WebApplication5\WebApplication5\src\app\app.component.spec.js.map
C:\Users\Enrique\Desktop\CursoAngular\Anuglar2Mvc\WebApplication5\WebApplication5\src\app\app.component.js
C:\Users\Enrique\Desktop\CursoAngular\Anuglar2Mvc\WebApplication5\WebApplication5\src\app\app.component.js.map
C:\Users\Enrique\Desktop\CursoAngular\Anuglar2Mvc\WebApplication5\WebApplication5\src\app\app.module.js
C:\Users\Enrique\Desktop\CursoAngular\Anuglar2Mvc\WebApplication5\WebApplication5\src\app\app.module.js.map
C:\Users\Enrique\Desktop\CursoAngular\Anuglar2Mvc\WebApplication5\WebApplication5\src\main.js
C:\Users\Enrique\Desktop\CursoAngular\Anuglar2Mvc\WebApplication5\WebApplication5\src\main.js.map
C:\Users\Enrique\Desktop\CursoAngular\Anuglar2Mvc\WebApplication5\WebApplication5\src\app\app.component.spec.js
C:\Users\Enrique\Desktop\CursoAngular\Anuglar2Mvc\WebApplication5\WebApplication5\src\app\app.component.spec.js.map
C:\Users\Enrique\Desktop\CursoAngular\Anuglar2Mvc\WebApplication5\WebApplication5\src\app\app.component.js
C:\Users\Enrique\Desktop\CursoAngular\Anuglar2Mvc\WebApplication5\WebApplication5\src\app\app.component.js.map
C:\Users\Enrique\Desktop\CursoAngular\Anuglar2Mvc\WebApplication5\WebApplication5\src\app\app.module.js
C:\Users\Enrique\Desktop\CursoAngular\Anuglar2Mvc\WebApplication5\WebApplication5\src\app\app.module.js.map
C:\Users\Enrique\Desktop\CursoAngular\Anuglar2Mvc\WebApplication5\WebApplication5\src\main.js
C:\Users\Enrique\Desktop\CursoAngular\Anuglar2Mvc\WebApplication5\WebApplication5\src\main.js.map
C:\Users\Enrique\Desktop\CursoAngular\Anuglar2Mvc\WebApplication5\WebApplication5\src\app\app.component.spec.js
C:\Users\Enrique\Desktop\CursoAngular\Anuglar2Mvc\WebApplication5\WebApplication5\src\app\app.component.spec.js.map
C:\Users\Enrique\Desktop\CursoAngular\Anuglar2Mvc\WebApplication5\WebApplication5\src\app\app.component.js
C:\Users\Enrique\Desktop\CursoAngular\Anuglar2Mvc\WebApplication5\WebApplication5\src\app\app.component.js.map
C:\Users\Enrique\Desktop\CursoAngular\Anuglar2Mvc\WebApplication5\WebApplication5\src\app\app.module.js
C:\Users\Enrique\Desktop\CursoAngular\Anuglar2Mvc\WebApplication5\WebApplication5\src\app\app.module.js.map
C:\Users\Enrique\Desktop\CursoAngular\Anuglar2Mvc\WebApplication5\WebApplication5\src\main.js
C:\Users\Enrique\Desktop\CursoAngular\Anuglar2Mvc\WebApplication5\WebApplication5\src\main.js.map
C:\Users\Enrique\Desktop\CursoAngular\Anuglar2Mvc\WebApplication5\WebApplication5\src\app\app.component.spec.js
C:\Users\Enrique\Desktop\CursoAngular\Anuglar2Mvc\WebApplication5\WebApplication5\src\app\app.component.spec.js.map
C:\Users\Enrique\Desktop\CursoAngular\Anuglar2Mvc\WebApplication5\WebApplication5\src\app\app.component.js
C:\Users\Enrique\Desktop\CursoAngular\Anuglar2Mvc\WebApplication5\WebApplication5\src\app\app.component.js.map
C:\Users\Enrique\Desktop\CursoAngular\Anuglar2Mvc\WebApplication5\WebApplication5\src\app\app.module.js
C:\Users\Enrique\Desktop\CursoAngular\Anuglar2Mvc\WebApplication5\WebApplication5\src\app\app.module.js.map
C:\Users\Enrique\Desktop\CursoAngular\Anuglar2Mvc\WebApplication5\WebApplication5\src\main.js
C:\Users\Enrique\Desktop\CursoAngular\Anuglar2Mvc\WebApplication5\WebApplication5\src\main.js.map
C:\Users\Enrique\Desktop\CursoAngular\Anuglar2Mvc\WebApplication5\WebApplication5\src\app\app.component.spec.js
C:\Users\Enrique\Desktop\CursoAngular\Anuglar2Mvc\WebApplication5\WebApplication5\src\app\app.component.spec.js.map
